2025-05-14 11:19:26,567 - INFO - Configuration loaded successfully
2025-05-14 11:19:26,568 - INFO - Directories setup complete
2025-05-14 11:19:26,568 - INFO - Initializing NLP models...
2025-05-14 11:19:30,146 - INFO - Initializing Whisper model...
2025-05-14 11:19:34,530 - ERROR - Model initialization failed: Could not run 'aten::empty.memory_format' with arguments from the 'SparseMPS' backend. This could be because the operator doesn't exist for this backend, or was omitted during the selective/custom build process (if using custom build). If you are a Facebook employee using PyTorch on mobile, please visit https://fburl.com/ptmfixes for possible resolutions. 'aten::empty.memory_format' is only available for these backends: [CPU, MPS, Meta, QuantizedCPU, QuantizedMeta, MkldnnCPU, SparseCPU, SparseMeta, SparseCsrCPU, BackendSelect, Python, FuncTorchDynamicLayerBackMode, Functionalize, Named, Conjugate, Negative, ZeroTensor, ADInplaceOrView, AutogradOther, AutogradCPU, AutogradCUDA, AutogradHIP, AutogradXLA, AutogradMPS, AutogradIPU, AutogradXPU, AutogradHPU, AutogradVE, AutogradLazy, AutogradMTIA, AutogradPrivateUse1, AutogradPrivateUse2, AutogradPrivateUse3, AutogradMeta, AutogradNestedTensor, Tracer, AutocastCPU, AutocastCUDA, FuncTorchBatched, BatchedNestedTensor, FuncTorchVmapMode, Batched, VmapMode, FuncTorchGradWrapper, PythonTLSSnapshot, FuncTorchDynamicLayerFrontMode, PreDispatch, PythonDispatcher].

CPU: registered at /Users/runner/work/pytorch/pytorch/pytorch/build/aten/src/ATen/RegisterCPU.cpp:31357 [kernel]
MPS: registered at /Users/runner/work/pytorch/pytorch/pytorch/build/aten/src/ATen/RegisterMPS.cpp:27248 [kernel]
Meta: registered at /Users/runner/work/pytorch/pytorch/pytorch/build/aten/src/ATen/RegisterMeta.cpp:26984 [kernel]
QuantizedCPU: registered at /Users/runner/work/pytorch/pytorch/pytorch/build/aten/src/ATen/RegisterQuantizedCPU.cpp:944 [kernel]
QuantizedMeta: registered at /Users/runner/work/pytorch/pytorch/pytorch/build/aten/src/ATen/RegisterQuantizedMeta.cpp:105 [kernel]
MkldnnCPU: registered at /Users/runner/work/pytorch/pytorch/pytorch/build/aten/src/ATen/RegisterMkldnnCPU.cpp:515 [kernel]
SparseCPU: registered at /Users/runner/work/pytorch/pytorch/pytorch/build/aten/src/ATen/RegisterSparseCPU.cpp:1387 [kernel]
SparseMeta: registered at /Users/runner/work/pytorch/pytorch/pytorch/build/aten/src/ATen/RegisterSparseMeta.cpp:249 [kernel]
SparseCsrCPU: registered at /Users/runner/work/pytorch/pytorch/pytorch/build/aten/src/ATen/RegisterSparseCsrCPU.cpp:1135 [kernel]
BackendSelect: registered at /Users/runner/work/pytorch/pytorch/pytorch/build/aten/src/ATen/RegisterBackendSelect.cpp:807 [kernel]
Python: registered at /Users/runner/work/pytorch/pytorch/pytorch/aten/src/ATen/core/PythonFallbackKernel.cpp:154 [backend fallback]
FuncTorchDynamicLayerBackMode: registered at /Users/runner/work/pytorch/pytorch/pytorch/aten/src/ATen/functorch/DynamicLayer.cpp:498 [backend fallback]
Functionalize: registered at /Users/runner/work/pytorch/pytorch/pytorch/aten/src/ATen/FunctionalizeFallbackKernel.cpp:324 [backend fallback]
Named: registered at /Users/runner/work/pytorch/pytorch/pytorch/aten/src/ATen/core/NamedRegistrations.cpp:7 [backend fallback]
Conjugate: fallthrough registered at /Users/runner/work/pytorch/pytorch/pytorch/aten/src/ATen/ConjugateFallback.cpp:21 [kernel]
Negative: fallthrough registered at /Users/runner/work/pytorch/pytorch/pytorch/aten/src/ATen/native/NegateFallback.cpp:23 [kernel]
ZeroTensor: fallthrough registered at /Users/runner/work/pytorch/pytorch/pytorch/aten/src/ATen/ZeroTensorFallback.cpp:90 [kernel]
ADInplaceOrView: fallthrough registered at /Users/runner/work/pytorch/pytorch/pytorch/aten/src/ATen/core/VariableFallbackKernel.cpp:86 [backend fallback]
AutogradOther: registered at /Users/runner/work/pytorch/pytorch/pytorch/torch/csrc/autograd/generated/VariableType_2.cpp:19039 [autograd kernel]
AutogradCPU: registered at /Users/runner/work/pytorch/pytorch/pytorch/torch/csrc/autograd/generated/VariableType_2.cpp:19039 [autograd kernel]
AutogradCUDA: registered at /Users/runner/work/pytorch/pytorch/pytorch/torch/csrc/autograd/generated/VariableType_2.cpp:19039 [autograd kernel]
AutogradHIP: registered at /Users/runner/work/pytorch/pytorch/pytorch/torch/csrc/autograd/generated/VariableType_2.cpp:19039 [autograd kernel]
AutogradXLA: registered at /Users/runner/work/pytorch/pytorch/pytorch/torch/csrc/autograd/generated/VariableType_2.cpp:19039 [autograd kernel]
AutogradMPS: registered at /Users/runner/work/pytorch/pytorch/pytorch/torch/csrc/autograd/generated/VariableType_2.cpp:19039 [autograd kernel]
AutogradIPU: registered at /Users/runner/work/pytorch/pytorch/pytorch/torch/csrc/autograd/generated/VariableType_2.cpp:19039 [autograd kernel]
AutogradXPU: registered at /Users/runner/work/pytorch/pytorch/pytorch/torch/csrc/autograd/generated/VariableType_2.cpp:19039 [autograd kernel]
AutogradHPU: registered at /Users/runner/work/pytorch/pytorch/pytorch/torch/csrc/autograd/generated/VariableType_2.cpp:19039 [autograd kernel]
AutogradVE: registered at /Users/runner/work/pytorch/pytorch/pytorch/torch/csrc/autograd/generated/VariableType_2.cpp:19039 [autograd kernel]
AutogradLazy: registered at /Users/runner/work/pytorch/pytorch/pytorch/torch/csrc/autograd/generated/VariableType_2.cpp:19039 [autograd kernel]
AutogradMTIA: registered at /Users/runner/work/pytorch/pytorch/pytorch/torch/csrc/autograd/generated/VariableType_2.cpp:19039 [autograd kernel]
AutogradPrivateUse1: registered at /Users/runner/work/pytorch/pytorch/pytorch/torch/csrc/autograd/generated/VariableType_2.cpp:19039 [autograd kernel]
AutogradPrivateUse2: registered at /Users/runner/work/pytorch/pytorch/pytorch/torch/csrc/autograd/generated/VariableType_2.cpp:19039 [autograd kernel]
AutogradPrivateUse3: registered at /Users/runner/work/pytorch/pytorch/pytorch/torch/csrc/autograd/generated/VariableType_2.cpp:19039 [autograd kernel]
AutogradMeta: registered at /Users/runner/work/pytorch/pytorch/pytorch/torch/csrc/autograd/generated/VariableType_2.cpp:19039 [autograd kernel]
AutogradNestedTensor: registered at /Users/runner/work/pytorch/pytorch/pytorch/torch/csrc/autograd/generated/VariableType_2.cpp:19039 [autograd kernel]
Tracer: registered at /Users/runner/work/pytorch/pytorch/pytorch/torch/csrc/autograd/generated/TraceType_2.cpp:17346 [kernel]
AutocastCPU: fallthrough registered at /Users/runner/work/pytorch/pytorch/pytorch/aten/src/ATen/autocast_mode.cpp:378 [backend fallback]
AutocastCUDA: fallthrough registered at /Users/runner/work/pytorch/pytorch/pytorch/aten/src/ATen/autocast_mode.cpp:244 [backend fallback]
FuncTorchBatched: registered at /Users/runner/work/pytorch/pytorch/pytorch/aten/src/ATen/functorch/LegacyBatchingRegistrations.cpp:720 [backend fallback]
BatchedNestedTensor: registered at /Users/runner/work/pytorch/pytorch/pytorch/aten/src/ATen/functorch/LegacyBatchingRegistrations.cpp:746 [backend fallback]
FuncTorchVmapMode: fallthrough registered at /Users/runner/work/pytorch/pytorch/pytorch/aten/src/ATen/functorch/VmapModeRegistrations.cpp:28 [backend fallback]
Batched: registered at /Users/runner/work/pytorch/pytorch/pytorch/aten/src/ATen/LegacyBatchingRegistrations.cpp:1075 [backend fallback]
VmapMode: fallthrough registered at /Users/runner/work/pytorch/pytorch/pytorch/aten/src/ATen/VmapModeRegistrations.cpp:33 [backend fallback]
FuncTorchGradWrapper: registered at /Users/runner/work/pytorch/pytorch/pytorch/aten/src/ATen/functorch/TensorWrapper.cpp:203 [backend fallback]
PythonTLSSnapshot: registered at /Users/runner/work/pytorch/pytorch/pytorch/aten/src/ATen/core/PythonFallbackKernel.cpp:162 [backend fallback]
FuncTorchDynamicLayerFrontMode: registered at /Users/runner/work/pytorch/pytorch/pytorch/aten/src/ATen/functorch/DynamicLayer.cpp:494 [backend fallback]
PreDispatch: registered at /Users/runner/work/pytorch/pytorch/pytorch/aten/src/ATen/core/PythonFallbackKernel.cpp:166 [backend fallback]
PythonDispatcher: registered at /Users/runner/work/pytorch/pytorch/pytorch/aten/src/ATen/core/PythonFallbackKernel.cpp:158 [backend fallback]

2025-05-14 11:19:34,531 - CRITICAL - Fatal error: Could not run 'aten::empty.memory_format' with arguments from the 'SparseMPS' backend. This could be because the operator doesn't exist for this backend, or was omitted during the selective/custom build process (if using custom build). If you are a Facebook employee using PyTorch on mobile, please visit https://fburl.com/ptmfixes for possible resolutions. 'aten::empty.memory_format' is only available for these backends: [CPU, MPS, Meta, QuantizedCPU, QuantizedMeta, MkldnnCPU, SparseCPU, SparseMeta, SparseCsrCPU, BackendSelect, Python, FuncTorchDynamicLayerBackMode, Functionalize, Named, Conjugate, Negative, ZeroTensor, ADInplaceOrView, AutogradOther, AutogradCPU, AutogradCUDA, AutogradHIP, AutogradXLA, AutogradMPS, AutogradIPU, AutogradXPU, AutogradHPU, AutogradVE, AutogradLazy, AutogradMTIA, AutogradPrivateUse1, AutogradPrivateUse2, AutogradPrivateUse3, AutogradMeta, AutogradNestedTensor, Tracer, AutocastCPU, AutocastCUDA, FuncTorchBatched, BatchedNestedTensor, FuncTorchVmapMode, Batched, VmapMode, FuncTorchGradWrapper, PythonTLSSnapshot, FuncTorchDynamicLayerFrontMode, PreDispatch, PythonDispatcher].

CPU: registered at /Users/runner/work/pytorch/pytorch/pytorch/build/aten/src/ATen/RegisterCPU.cpp:31357 [kernel]
MPS: registered at /Users/runner/work/pytorch/pytorch/pytorch/build/aten/src/ATen/RegisterMPS.cpp:27248 [kernel]
Meta: registered at /Users/runner/work/pytorch/pytorch/pytorch/build/aten/src/ATen/RegisterMeta.cpp:26984 [kernel]
QuantizedCPU: registered at /Users/runner/work/pytorch/pytorch/pytorch/build/aten/src/ATen/RegisterQuantizedCPU.cpp:944 [kernel]
QuantizedMeta: registered at /Users/runner/work/pytorch/pytorch/pytorch/build/aten/src/ATen/RegisterQuantizedMeta.cpp:105 [kernel]
MkldnnCPU: registered at /Users/runner/work/pytorch/pytorch/pytorch/build/aten/src/ATen/RegisterMkldnnCPU.cpp:515 [kernel]
SparseCPU: registered at /Users/runner/work/pytorch/pytorch/pytorch/build/aten/src/ATen/RegisterSparseCPU.cpp:1387 [kernel]
SparseMeta: registered at /Users/runner/work/pytorch/pytorch/pytorch/build/aten/src/ATen/RegisterSparseMeta.cpp:249 [kernel]
SparseCsrCPU: registered at /Users/runner/work/pytorch/pytorch/pytorch/build/aten/src/ATen/RegisterSparseCsrCPU.cpp:1135 [kernel]
BackendSelect: registered at /Users/runner/work/pytorch/pytorch/pytorch/build/aten/src/ATen/RegisterBackendSelect.cpp:807 [kernel]
Python: registered at /Users/runner/work/pytorch/pytorch/pytorch/aten/src/ATen/core/PythonFallbackKernel.cpp:154 [backend fallback]
FuncTorchDynamicLayerBackMode: registered at /Users/runner/work/pytorch/pytorch/pytorch/aten/src/ATen/functorch/DynamicLayer.cpp:498 [backend fallback]
Functionalize: registered at /Users/runner/work/pytorch/pytorch/pytorch/aten/src/ATen/FunctionalizeFallbackKernel.cpp:324 [backend fallback]
Named: registered at /Users/runner/work/pytorch/pytorch/pytorch/aten/src/ATen/core/NamedRegistrations.cpp:7 [backend fallback]
Conjugate: fallthrough registered at /Users/runner/work/pytorch/pytorch/pytorch/aten/src/ATen/ConjugateFallback.cpp:21 [kernel]
Negative: fallthrough registered at /Users/runner/work/pytorch/pytorch/pytorch/aten/src/ATen/native/NegateFallback.cpp:23 [kernel]
ZeroTensor: fallthrough registered at /Users/runner/work/pytorch/pytorch/pytorch/aten/src/ATen/ZeroTensorFallback.cpp:90 [kernel]
ADInplaceOrView: fallthrough registered at /Users/runner/work/pytorch/pytorch/pytorch/aten/src/ATen/core/VariableFallbackKernel.cpp:86 [backend fallback]
AutogradOther: registered at /Users/runner/work/pytorch/pytorch/pytorch/torch/csrc/autograd/generated/VariableType_2.cpp:19039 [autograd kernel]
AutogradCPU: registered at /Users/runner/work/pytorch/pytorch/pytorch/torch/csrc/autograd/generated/VariableType_2.cpp:19039 [autograd kernel]
AutogradCUDA: registered at /Users/runner/work/pytorch/pytorch/pytorch/torch/csrc/autograd/generated/VariableType_2.cpp:19039 [autograd kernel]
AutogradHIP: registered at /Users/runner/work/pytorch/pytorch/pytorch/torch/csrc/autograd/generated/VariableType_2.cpp:19039 [autograd kernel]
AutogradXLA: registered at /Users/runner/work/pytorch/pytorch/pytorch/torch/csrc/autograd/generated/VariableType_2.cpp:19039 [autograd kernel]
AutogradMPS: registered at /Users/runner/work/pytorch/pytorch/pytorch/torch/csrc/autograd/generated/VariableType_2.cpp:19039 [autograd kernel]
AutogradIPU: registered at /Users/runner/work/pytorch/pytorch/pytorch/torch/csrc/autograd/generated/VariableType_2.cpp:19039 [autograd kernel]
AutogradXPU: registered at /Users/runner/work/pytorch/pytorch/pytorch/torch/csrc/autograd/generated/VariableType_2.cpp:19039 [autograd kernel]
AutogradHPU: registered at /Users/runner/work/pytorch/pytorch/pytorch/torch/csrc/autograd/generated/VariableType_2.cpp:19039 [autograd kernel]
AutogradVE: registered at /Users/runner/work/pytorch/pytorch/pytorch/torch/csrc/autograd/generated/VariableType_2.cpp:19039 [autograd kernel]
AutogradLazy: registered at /Users/runner/work/pytorch/pytorch/pytorch/torch/csrc/autograd/generated/VariableType_2.cpp:19039 [autograd kernel]
AutogradMTIA: registered at /Users/runner/work/pytorch/pytorch/pytorch/torch/csrc/autograd/generated/VariableType_2.cpp:19039 [autograd kernel]
AutogradPrivateUse1: registered at /Users/runner/work/pytorch/pytorch/pytorch/torch/csrc/autograd/generated/VariableType_2.cpp:19039 [autograd kernel]
AutogradPrivateUse2: registered at /Users/runner/work/pytorch/pytorch/pytorch/torch/csrc/autograd/generated/VariableType_2.cpp:19039 [autograd kernel]
AutogradPrivateUse3: registered at /Users/runner/work/pytorch/pytorch/pytorch/torch/csrc/autograd/generated/VariableType_2.cpp:19039 [autograd kernel]
AutogradMeta: registered at /Users/runner/work/pytorch/pytorch/pytorch/torch/csrc/autograd/generated/VariableType_2.cpp:19039 [autograd kernel]
AutogradNestedTensor: registered at /Users/runner/work/pytorch/pytorch/pytorch/torch/csrc/autograd/generated/VariableType_2.cpp:19039 [autograd kernel]
Tracer: registered at /Users/runner/work/pytorch/pytorch/pytorch/torch/csrc/autograd/generated/TraceType_2.cpp:17346 [kernel]
AutocastCPU: fallthrough registered at /Users/runner/work/pytorch/pytorch/pytorch/aten/src/ATen/autocast_mode.cpp:378 [backend fallback]
AutocastCUDA: fallthrough registered at /Users/runner/work/pytorch/pytorch/pytorch/aten/src/ATen/autocast_mode.cpp:244 [backend fallback]
FuncTorchBatched: registered at /Users/runner/work/pytorch/pytorch/pytorch/aten/src/ATen/functorch/LegacyBatchingRegistrations.cpp:720 [backend fallback]
BatchedNestedTensor: registered at /Users/runner/work/pytorch/pytorch/pytorch/aten/src/ATen/functorch/LegacyBatchingRegistrations.cpp:746 [backend fallback]
FuncTorchVmapMode: fallthrough registered at /Users/runner/work/pytorch/pytorch/pytorch/aten/src/ATen/functorch/VmapModeRegistrations.cpp:28 [backend fallback]
Batched: registered at /Users/runner/work/pytorch/pytorch/pytorch/aten/src/ATen/LegacyBatchingRegistrations.cpp:1075 [backend fallback]
VmapMode: fallthrough registered at /Users/runner/work/pytorch/pytorch/pytorch/aten/src/ATen/VmapModeRegistrations.cpp:33 [backend fallback]
FuncTorchGradWrapper: registered at /Users/runner/work/pytorch/pytorch/pytorch/aten/src/ATen/functorch/TensorWrapper.cpp:203 [backend fallback]
PythonTLSSnapshot: registered at /Users/runner/work/pytorch/pytorch/pytorch/aten/src/ATen/core/PythonFallbackKernel.cpp:162 [backend fallback]
FuncTorchDynamicLayerFrontMode: registered at /Users/runner/work/pytorch/pytorch/pytorch/aten/src/ATen/functorch/DynamicLayer.cpp:494 [backend fallback]
PreDispatch: registered at /Users/runner/work/pytorch/pytorch/pytorch/aten/src/ATen/core/PythonFallbackKernel.cpp:166 [backend fallback]
PythonDispatcher: registered at /Users/runner/work/pytorch/pytorch/pytorch/aten/src/ATen/core/PythonFallbackKernel.cpp:158 [backend fallback]
Traceback (most recent call last):
  File "/Users/Test/video-streaming-demo/main.py", line 735, in <module>
    clipper = EnhancedYouTubeClipper()
  File "/Users/Test/video-streaming-demo/main.py", line 34, in __init__
    self.initialize_models()
  File "/Users/Test/video-streaming-demo/main.py", line 111, in initialize_models
    self.model = whisper.load_model(
  File "/Users/Test/video-streaming-demo/tf_env/lib/python3.10/site-packages/whisper/__init__.py", line 160, in load_model
    return model.to(device)
  File "/Users/Test/video-streaming-demo/tf_env/lib/python3.10/site-packages/torch/nn/modules/module.py", line 1152, in to
    return self._apply(convert)
  File "/Users/Test/video-streaming-demo/tf_env/lib/python3.10/site-packages/torch/nn/modules/module.py", line 849, in _apply
    self._buffers[key] = fn(buf)
  File "/Users/Test/video-streaming-demo/tf_env/lib/python3.10/site-packages/torch/nn/modules/module.py", line 1150, in convert
    return t.to(device, dtype if t.is_floating_point() or t.is_complex() else None, non_blocking)
NotImplementedError: Could not run 'aten::empty.memory_format' with arguments from the 'SparseMPS' backend. This could be because the operator doesn't exist for this backend, or was omitted during the selective/custom build process (if using custom build). If you are a Facebook employee using PyTorch on mobile, please visit https://fburl.com/ptmfixes for possible resolutions. 'aten::empty.memory_format' is only available for these backends: [CPU, MPS, Meta, QuantizedCPU, QuantizedMeta, MkldnnCPU, SparseCPU, SparseMeta, SparseCsrCPU, BackendSelect, Python, FuncTorchDynamicLayerBackMode, Functionalize, Named, Conjugate, Negative, ZeroTensor, ADInplaceOrView, AutogradOther, AutogradCPU, AutogradCUDA, AutogradHIP, AutogradXLA, AutogradMPS, AutogradIPU, AutogradXPU, AutogradHPU, AutogradVE, AutogradLazy, AutogradMTIA, AutogradPrivateUse1, AutogradPrivateUse2, AutogradPrivateUse3, AutogradMeta, AutogradNestedTensor, Tracer, AutocastCPU, AutocastCUDA, FuncTorchBatched, BatchedNestedTensor, FuncTorchVmapMode, Batched, VmapMode, FuncTorchGradWrapper, PythonTLSSnapshot, FuncTorchDynamicLayerFrontMode, PreDispatch, PythonDispatcher].

CPU: registered at /Users/runner/work/pytorch/pytorch/pytorch/build/aten/src/ATen/RegisterCPU.cpp:31357 [kernel]
MPS: registered at /Users/runner/work/pytorch/pytorch/pytorch/build/aten/src/ATen/RegisterMPS.cpp:27248 [kernel]
Meta: registered at /Users/runner/work/pytorch/pytorch/pytorch/build/aten/src/ATen/RegisterMeta.cpp:26984 [kernel]
QuantizedCPU: registered at /Users/runner/work/pytorch/pytorch/pytorch/build/aten/src/ATen/RegisterQuantizedCPU.cpp:944 [kernel]
QuantizedMeta: registered at /Users/runner/work/pytorch/pytorch/pytorch/build/aten/src/ATen/RegisterQuantizedMeta.cpp:105 [kernel]
MkldnnCPU: registered at /Users/runner/work/pytorch/pytorch/pytorch/build/aten/src/ATen/RegisterMkldnnCPU.cpp:515 [kernel]
SparseCPU: registered at /Users/runner/work/pytorch/pytorch/pytorch/build/aten/src/ATen/RegisterSparseCPU.cpp:1387 [kernel]
SparseMeta: registered at /Users/runner/work/pytorch/pytorch/pytorch/build/aten/src/ATen/RegisterSparseMeta.cpp:249 [kernel]
SparseCsrCPU: registered at /Users/runner/work/pytorch/pytorch/pytorch/build/aten/src/ATen/RegisterSparseCsrCPU.cpp:1135 [kernel]
BackendSelect: registered at /Users/runner/work/pytorch/pytorch/pytorch/build/aten/src/ATen/RegisterBackendSelect.cpp:807 [kernel]
Python: registered at /Users/runner/work/pytorch/pytorch/pytorch/aten/src/ATen/core/PythonFallbackKernel.cpp:154 [backend fallback]
FuncTorchDynamicLayerBackMode: registered at /Users/runner/work/pytorch/pytorch/pytorch/aten/src/ATen/functorch/DynamicLayer.cpp:498 [backend fallback]
Functionalize: registered at /Users/runner/work/pytorch/pytorch/pytorch/aten/src/ATen/FunctionalizeFallbackKernel.cpp:324 [backend fallback]
Named: registered at /Users/runner/work/pytorch/pytorch/pytorch/aten/src/ATen/core/NamedRegistrations.cpp:7 [backend fallback]
Conjugate: fallthrough registered at /Users/runner/work/pytorch/pytorch/pytorch/aten/src/ATen/ConjugateFallback.cpp:21 [kernel]
Negative: fallthrough registered at /Users/runner/work/pytorch/pytorch/pytorch/aten/src/ATen/native/NegateFallback.cpp:23 [kernel]
ZeroTensor: fallthrough registered at /Users/runner/work/pytorch/pytorch/pytorch/aten/src/ATen/ZeroTensorFallback.cpp:90 [kernel]
ADInplaceOrView: fallthrough registered at /Users/runner/work/pytorch/pytorch/pytorch/aten/src/ATen/core/VariableFallbackKernel.cpp:86 [backend fallback]
AutogradOther: registered at /Users/runner/work/pytorch/pytorch/pytorch/torch/csrc/autograd/generated/VariableType_2.cpp:19039 [autograd kernel]
AutogradCPU: registered at /Users/runner/work/pytorch/pytorch/pytorch/torch/csrc/autograd/generated/VariableType_2.cpp:19039 [autograd kernel]
AutogradCUDA: registered at /Users/runner/work/pytorch/pytorch/pytorch/torch/csrc/autograd/generated/VariableType_2.cpp:19039 [autograd kernel]
AutogradHIP: registered at /Users/runner/work/pytorch/pytorch/pytorch/torch/csrc/autograd/generated/VariableType_2.cpp:19039 [autograd kernel]
AutogradXLA: registered at /Users/runner/work/pytorch/pytorch/pytorch/torch/csrc/autograd/generated/VariableType_2.cpp:19039 [autograd kernel]
AutogradMPS: registered at /Users/runner/work/pytorch/pytorch/pytorch/torch/csrc/autograd/generated/VariableType_2.cpp:19039 [autograd kernel]
AutogradIPU: registered at /Users/runner/work/pytorch/pytorch/pytorch/torch/csrc/autograd/generated/VariableType_2.cpp:19039 [autograd kernel]
AutogradXPU: registered at /Users/runner/work/pytorch/pytorch/pytorch/torch/csrc/autograd/generated/VariableType_2.cpp:19039 [autograd kernel]
AutogradHPU: registered at /Users/runner/work/pytorch/pytorch/pytorch/torch/csrc/autograd/generated/VariableType_2.cpp:19039 [autograd kernel]
AutogradVE: registered at /Users/runner/work/pytorch/pytorch/pytorch/torch/csrc/autograd/generated/VariableType_2.cpp:19039 [autograd kernel]
AutogradLazy: registered at /Users/runner/work/pytorch/pytorch/pytorch/torch/csrc/autograd/generated/VariableType_2.cpp:19039 [autograd kernel]
AutogradMTIA: registered at /Users/runner/work/pytorch/pytorch/pytorch/torch/csrc/autograd/generated/VariableType_2.cpp:19039 [autograd kernel]
AutogradPrivateUse1: registered at /Users/runner/work/pytorch/pytorch/pytorch/torch/csrc/autograd/generated/VariableType_2.cpp:19039 [autograd kernel]
AutogradPrivateUse2: registered at /Users/runner/work/pytorch/pytorch/pytorch/torch/csrc/autograd/generated/VariableType_2.cpp:19039 [autograd kernel]
AutogradPrivateUse3: registered at /Users/runner/work/pytorch/pytorch/pytorch/torch/csrc/autograd/generated/VariableType_2.cpp:19039 [autograd kernel]
AutogradMeta: registered at /Users/runner/work/pytorch/pytorch/pytorch/torch/csrc/autograd/generated/VariableType_2.cpp:19039 [autograd kernel]
AutogradNestedTensor: registered at /Users/runner/work/pytorch/pytorch/pytorch/torch/csrc/autograd/generated/VariableType_2.cpp:19039 [autograd kernel]
Tracer: registered at /Users/runner/work/pytorch/pytorch/pytorch/torch/csrc/autograd/generated/TraceType_2.cpp:17346 [kernel]
AutocastCPU: fallthrough registered at /Users/runner/work/pytorch/pytorch/pytorch/aten/src/ATen/autocast_mode.cpp:378 [backend fallback]
AutocastCUDA: fallthrough registered at /Users/runner/work/pytorch/pytorch/pytorch/aten/src/ATen/autocast_mode.cpp:244 [backend fallback]
FuncTorchBatched: registered at /Users/runner/work/pytorch/pytorch/pytorch/aten/src/ATen/functorch/LegacyBatchingRegistrations.cpp:720 [backend fallback]
BatchedNestedTensor: registered at /Users/runner/work/pytorch/pytorch/pytorch/aten/src/ATen/functorch/LegacyBatchingRegistrations.cpp:746 [backend fallback]
FuncTorchVmapMode: fallthrough registered at /Users/runner/work/pytorch/pytorch/pytorch/aten/src/ATen/functorch/VmapModeRegistrations.cpp:28 [backend fallback]
Batched: registered at /Users/runner/work/pytorch/pytorch/pytorch/aten/src/ATen/LegacyBatchingRegistrations.cpp:1075 [backend fallback]
VmapMode: fallthrough registered at /Users/runner/work/pytorch/pytorch/pytorch/aten/src/ATen/VmapModeRegistrations.cpp:33 [backend fallback]
FuncTorchGradWrapper: registered at /Users/runner/work/pytorch/pytorch/pytorch/aten/src/ATen/functorch/TensorWrapper.cpp:203 [backend fallback]
PythonTLSSnapshot: registered at /Users/runner/work/pytorch/pytorch/pytorch/aten/src/ATen/core/PythonFallbackKernel.cpp:162 [backend fallback]
FuncTorchDynamicLayerFrontMode: registered at /Users/runner/work/pytorch/pytorch/pytorch/aten/src/ATen/functorch/DynamicLayer.cpp:494 [backend fallback]
PreDispatch: registered at /Users/runner/work/pytorch/pytorch/pytorch/aten/src/ATen/core/PythonFallbackKernel.cpp:166 [backend fallback]
PythonDispatcher: registered at /Users/runner/work/pytorch/pytorch/pytorch/aten/src/ATen/core/PythonFallbackKernel.cpp:158 [backend fallback]

2025-05-14 11:20:01,749 - INFO - Configuration loaded successfully
2025-05-14 11:20:01,749 - INFO - Directories setup complete
2025-05-14 11:20:01,749 - INFO - Initializing NLP models...
2025-05-14 11:20:03,980 - INFO - Initializing Whisper model...
2025-05-14 11:20:06,397 - ERROR - Model initialization failed: Could not run 'aten::empty.memory_format' with arguments from the 'SparseMPS' backend. This could be because the operator doesn't exist for this backend, or was omitted during the selective/custom build process (if using custom build). If you are a Facebook employee using PyTorch on mobile, please visit https://fburl.com/ptmfixes for possible resolutions. 'aten::empty.memory_format' is only available for these backends: [CPU, MPS, Meta, QuantizedCPU, QuantizedMeta, MkldnnCPU, SparseCPU, SparseMeta, SparseCsrCPU, BackendSelect, Python, FuncTorchDynamicLayerBackMode, Functionalize, Named, Conjugate, Negative, ZeroTensor, ADInplaceOrView, AutogradOther, AutogradCPU, AutogradCUDA, AutogradHIP, AutogradXLA, AutogradMPS, AutogradIPU, AutogradXPU, AutogradHPU, AutogradVE, AutogradLazy, AutogradMTIA, AutogradPrivateUse1, AutogradPrivateUse2, AutogradPrivateUse3, AutogradMeta, AutogradNestedTensor, Tracer, AutocastCPU, AutocastCUDA, FuncTorchBatched, BatchedNestedTensor, FuncTorchVmapMode, Batched, VmapMode, FuncTorchGradWrapper, PythonTLSSnapshot, FuncTorchDynamicLayerFrontMode, PreDispatch, PythonDispatcher].

CPU: registered at /Users/runner/work/pytorch/pytorch/pytorch/build/aten/src/ATen/RegisterCPU.cpp:31357 [kernel]
MPS: registered at /Users/runner/work/pytorch/pytorch/pytorch/build/aten/src/ATen/RegisterMPS.cpp:27248 [kernel]
Meta: registered at /Users/runner/work/pytorch/pytorch/pytorch/build/aten/src/ATen/RegisterMeta.cpp:26984 [kernel]
QuantizedCPU: registered at /Users/runner/work/pytorch/pytorch/pytorch/build/aten/src/ATen/RegisterQuantizedCPU.cpp:944 [kernel]
QuantizedMeta: registered at /Users/runner/work/pytorch/pytorch/pytorch/build/aten/src/ATen/RegisterQuantizedMeta.cpp:105 [kernel]
MkldnnCPU: registered at /Users/runner/work/pytorch/pytorch/pytorch/build/aten/src/ATen/RegisterMkldnnCPU.cpp:515 [kernel]
SparseCPU: registered at /Users/runner/work/pytorch/pytorch/pytorch/build/aten/src/ATen/RegisterSparseCPU.cpp:1387 [kernel]
SparseMeta: registered at /Users/runner/work/pytorch/pytorch/pytorch/build/aten/src/ATen/RegisterSparseMeta.cpp:249 [kernel]
SparseCsrCPU: registered at /Users/runner/work/pytorch/pytorch/pytorch/build/aten/src/ATen/RegisterSparseCsrCPU.cpp:1135 [kernel]
BackendSelect: registered at /Users/runner/work/pytorch/pytorch/pytorch/build/aten/src/ATen/RegisterBackendSelect.cpp:807 [kernel]
Python: registered at /Users/runner/work/pytorch/pytorch/pytorch/aten/src/ATen/core/PythonFallbackKernel.cpp:154 [backend fallback]
FuncTorchDynamicLayerBackMode: registered at /Users/runner/work/pytorch/pytorch/pytorch/aten/src/ATen/functorch/DynamicLayer.cpp:498 [backend fallback]
Functionalize: registered at /Users/runner/work/pytorch/pytorch/pytorch/aten/src/ATen/FunctionalizeFallbackKernel.cpp:324 [backend fallback]
Named: registered at /Users/runner/work/pytorch/pytorch/pytorch/aten/src/ATen/core/NamedRegistrations.cpp:7 [backend fallback]
Conjugate: fallthrough registered at /Users/runner/work/pytorch/pytorch/pytorch/aten/src/ATen/ConjugateFallback.cpp:21 [kernel]
Negative: fallthrough registered at /Users/runner/work/pytorch/pytorch/pytorch/aten/src/ATen/native/NegateFallback.cpp:23 [kernel]
ZeroTensor: fallthrough registered at /Users/runner/work/pytorch/pytorch/pytorch/aten/src/ATen/ZeroTensorFallback.cpp:90 [kernel]
ADInplaceOrView: fallthrough registered at /Users/runner/work/pytorch/pytorch/pytorch/aten/src/ATen/core/VariableFallbackKernel.cpp:86 [backend fallback]
AutogradOther: registered at /Users/runner/work/pytorch/pytorch/pytorch/torch/csrc/autograd/generated/VariableType_2.cpp:19039 [autograd kernel]
AutogradCPU: registered at /Users/runner/work/pytorch/pytorch/pytorch/torch/csrc/autograd/generated/VariableType_2.cpp:19039 [autograd kernel]
AutogradCUDA: registered at /Users/runner/work/pytorch/pytorch/pytorch/torch/csrc/autograd/generated/VariableType_2.cpp:19039 [autograd kernel]
AutogradHIP: registered at /Users/runner/work/pytorch/pytorch/pytorch/torch/csrc/autograd/generated/VariableType_2.cpp:19039 [autograd kernel]
AutogradXLA: registered at /Users/runner/work/pytorch/pytorch/pytorch/torch/csrc/autograd/generated/VariableType_2.cpp:19039 [autograd kernel]
AutogradMPS: registered at /Users/runner/work/pytorch/pytorch/pytorch/torch/csrc/autograd/generated/VariableType_2.cpp:19039 [autograd kernel]
AutogradIPU: registered at /Users/runner/work/pytorch/pytorch/pytorch/torch/csrc/autograd/generated/VariableType_2.cpp:19039 [autograd kernel]
AutogradXPU: registered at /Users/runner/work/pytorch/pytorch/pytorch/torch/csrc/autograd/generated/VariableType_2.cpp:19039 [autograd kernel]
AutogradHPU: registered at /Users/runner/work/pytorch/pytorch/pytorch/torch/csrc/autograd/generated/VariableType_2.cpp:19039 [autograd kernel]
AutogradVE: registered at /Users/runner/work/pytorch/pytorch/pytorch/torch/csrc/autograd/generated/VariableType_2.cpp:19039 [autograd kernel]
AutogradLazy: registered at /Users/runner/work/pytorch/pytorch/pytorch/torch/csrc/autograd/generated/VariableType_2.cpp:19039 [autograd kernel]
AutogradMTIA: registered at /Users/runner/work/pytorch/pytorch/pytorch/torch/csrc/autograd/generated/VariableType_2.cpp:19039 [autograd kernel]
AutogradPrivateUse1: registered at /Users/runner/work/pytorch/pytorch/pytorch/torch/csrc/autograd/generated/VariableType_2.cpp:19039 [autograd kernel]
AutogradPrivateUse2: registered at /Users/runner/work/pytorch/pytorch/pytorch/torch/csrc/autograd/generated/VariableType_2.cpp:19039 [autograd kernel]
AutogradPrivateUse3: registered at /Users/runner/work/pytorch/pytorch/pytorch/torch/csrc/autograd/generated/VariableType_2.cpp:19039 [autograd kernel]
AutogradMeta: registered at /Users/runner/work/pytorch/pytorch/pytorch/torch/csrc/autograd/generated/VariableType_2.cpp:19039 [autograd kernel]
AutogradNestedTensor: registered at /Users/runner/work/pytorch/pytorch/pytorch/torch/csrc/autograd/generated/VariableType_2.cpp:19039 [autograd kernel]
Tracer: registered at /Users/runner/work/pytorch/pytorch/pytorch/torch/csrc/autograd/generated/TraceType_2.cpp:17346 [kernel]
AutocastCPU: fallthrough registered at /Users/runner/work/pytorch/pytorch/pytorch/aten/src/ATen/autocast_mode.cpp:378 [backend fallback]
AutocastCUDA: fallthrough registered at /Users/runner/work/pytorch/pytorch/pytorch/aten/src/ATen/autocast_mode.cpp:244 [backend fallback]
FuncTorchBatched: registered at /Users/runner/work/pytorch/pytorch/pytorch/aten/src/ATen/functorch/LegacyBatchingRegistrations.cpp:720 [backend fallback]
BatchedNestedTensor: registered at /Users/runner/work/pytorch/pytorch/pytorch/aten/src/ATen/functorch/LegacyBatchingRegistrations.cpp:746 [backend fallback]
FuncTorchVmapMode: fallthrough registered at /Users/runner/work/pytorch/pytorch/pytorch/aten/src/ATen/functorch/VmapModeRegistrations.cpp:28 [backend fallback]
Batched: registered at /Users/runner/work/pytorch/pytorch/pytorch/aten/src/ATen/LegacyBatchingRegistrations.cpp:1075 [backend fallback]
VmapMode: fallthrough registered at /Users/runner/work/pytorch/pytorch/pytorch/aten/src/ATen/VmapModeRegistrations.cpp:33 [backend fallback]
FuncTorchGradWrapper: registered at /Users/runner/work/pytorch/pytorch/pytorch/aten/src/ATen/functorch/TensorWrapper.cpp:203 [backend fallback]
PythonTLSSnapshot: registered at /Users/runner/work/pytorch/pytorch/pytorch/aten/src/ATen/core/PythonFallbackKernel.cpp:162 [backend fallback]
FuncTorchDynamicLayerFrontMode: registered at /Users/runner/work/pytorch/pytorch/pytorch/aten/src/ATen/functorch/DynamicLayer.cpp:494 [backend fallback]
PreDispatch: registered at /Users/runner/work/pytorch/pytorch/pytorch/aten/src/ATen/core/PythonFallbackKernel.cpp:166 [backend fallback]
PythonDispatcher: registered at /Users/runner/work/pytorch/pytorch/pytorch/aten/src/ATen/core/PythonFallbackKernel.cpp:158 [backend fallback]

2025-05-14 11:20:06,398 - CRITICAL - Fatal error: Could not run 'aten::empty.memory_format' with arguments from the 'SparseMPS' backend. This could be because the operator doesn't exist for this backend, or was omitted during the selective/custom build process (if using custom build). If you are a Facebook employee using PyTorch on mobile, please visit https://fburl.com/ptmfixes for possible resolutions. 'aten::empty.memory_format' is only available for these backends: [CPU, MPS, Meta, QuantizedCPU, QuantizedMeta, MkldnnCPU, SparseCPU, SparseMeta, SparseCsrCPU, BackendSelect, Python, FuncTorchDynamicLayerBackMode, Functionalize, Named, Conjugate, Negative, ZeroTensor, ADInplaceOrView, AutogradOther, AutogradCPU, AutogradCUDA, AutogradHIP, AutogradXLA, AutogradMPS, AutogradIPU, AutogradXPU, AutogradHPU, AutogradVE, AutogradLazy, AutogradMTIA, AutogradPrivateUse1, AutogradPrivateUse2, AutogradPrivateUse3, AutogradMeta, AutogradNestedTensor, Tracer, AutocastCPU, AutocastCUDA, FuncTorchBatched, BatchedNestedTensor, FuncTorchVmapMode, Batched, VmapMode, FuncTorchGradWrapper, PythonTLSSnapshot, FuncTorchDynamicLayerFrontMode, PreDispatch, PythonDispatcher].

CPU: registered at /Users/runner/work/pytorch/pytorch/pytorch/build/aten/src/ATen/RegisterCPU.cpp:31357 [kernel]
MPS: registered at /Users/runner/work/pytorch/pytorch/pytorch/build/aten/src/ATen/RegisterMPS.cpp:27248 [kernel]
Meta: registered at /Users/runner/work/pytorch/pytorch/pytorch/build/aten/src/ATen/RegisterMeta.cpp:26984 [kernel]
QuantizedCPU: registered at /Users/runner/work/pytorch/pytorch/pytorch/build/aten/src/ATen/RegisterQuantizedCPU.cpp:944 [kernel]
QuantizedMeta: registered at /Users/runner/work/pytorch/pytorch/pytorch/build/aten/src/ATen/RegisterQuantizedMeta.cpp:105 [kernel]
MkldnnCPU: registered at /Users/runner/work/pytorch/pytorch/pytorch/build/aten/src/ATen/RegisterMkldnnCPU.cpp:515 [kernel]
SparseCPU: registered at /Users/runner/work/pytorch/pytorch/pytorch/build/aten/src/ATen/RegisterSparseCPU.cpp:1387 [kernel]
SparseMeta: registered at /Users/runner/work/pytorch/pytorch/pytorch/build/aten/src/ATen/RegisterSparseMeta.cpp:249 [kernel]
SparseCsrCPU: registered at /Users/runner/work/pytorch/pytorch/pytorch/build/aten/src/ATen/RegisterSparseCsrCPU.cpp:1135 [kernel]
BackendSelect: registered at /Users/runner/work/pytorch/pytorch/pytorch/build/aten/src/ATen/RegisterBackendSelect.cpp:807 [kernel]
Python: registered at /Users/runner/work/pytorch/pytorch/pytorch/aten/src/ATen/core/PythonFallbackKernel.cpp:154 [backend fallback]
FuncTorchDynamicLayerBackMode: registered at /Users/runner/work/pytorch/pytorch/pytorch/aten/src/ATen/functorch/DynamicLayer.cpp:498 [backend fallback]
Functionalize: registered at /Users/runner/work/pytorch/pytorch/pytorch/aten/src/ATen/FunctionalizeFallbackKernel.cpp:324 [backend fallback]
Named: registered at /Users/runner/work/pytorch/pytorch/pytorch/aten/src/ATen/core/NamedRegistrations.cpp:7 [backend fallback]
Conjugate: fallthrough registered at /Users/runner/work/pytorch/pytorch/pytorch/aten/src/ATen/ConjugateFallback.cpp:21 [kernel]
Negative: fallthrough registered at /Users/runner/work/pytorch/pytorch/pytorch/aten/src/ATen/native/NegateFallback.cpp:23 [kernel]
ZeroTensor: fallthrough registered at /Users/runner/work/pytorch/pytorch/pytorch/aten/src/ATen/ZeroTensorFallback.cpp:90 [kernel]
ADInplaceOrView: fallthrough registered at /Users/runner/work/pytorch/pytorch/pytorch/aten/src/ATen/core/VariableFallbackKernel.cpp:86 [backend fallback]
AutogradOther: registered at /Users/runner/work/pytorch/pytorch/pytorch/torch/csrc/autograd/generated/VariableType_2.cpp:19039 [autograd kernel]
AutogradCPU: registered at /Users/runner/work/pytorch/pytorch/pytorch/torch/csrc/autograd/generated/VariableType_2.cpp:19039 [autograd kernel]
AutogradCUDA: registered at /Users/runner/work/pytorch/pytorch/pytorch/torch/csrc/autograd/generated/VariableType_2.cpp:19039 [autograd kernel]
AutogradHIP: registered at /Users/runner/work/pytorch/pytorch/pytorch/torch/csrc/autograd/generated/VariableType_2.cpp:19039 [autograd kernel]
AutogradXLA: registered at /Users/runner/work/pytorch/pytorch/pytorch/torch/csrc/autograd/generated/VariableType_2.cpp:19039 [autograd kernel]
AutogradMPS: registered at /Users/runner/work/pytorch/pytorch/pytorch/torch/csrc/autograd/generated/VariableType_2.cpp:19039 [autograd kernel]
AutogradIPU: registered at /Users/runner/work/pytorch/pytorch/pytorch/torch/csrc/autograd/generated/VariableType_2.cpp:19039 [autograd kernel]
AutogradXPU: registered at /Users/runner/work/pytorch/pytorch/pytorch/torch/csrc/autograd/generated/VariableType_2.cpp:19039 [autograd kernel]
AutogradHPU: registered at /Users/runner/work/pytorch/pytorch/pytorch/torch/csrc/autograd/generated/VariableType_2.cpp:19039 [autograd kernel]
AutogradVE: registered at /Users/runner/work/pytorch/pytorch/pytorch/torch/csrc/autograd/generated/VariableType_2.cpp:19039 [autograd kernel]
AutogradLazy: registered at /Users/runner/work/pytorch/pytorch/pytorch/torch/csrc/autograd/generated/VariableType_2.cpp:19039 [autograd kernel]
AutogradMTIA: registered at /Users/runner/work/pytorch/pytorch/pytorch/torch/csrc/autograd/generated/VariableType_2.cpp:19039 [autograd kernel]
AutogradPrivateUse1: registered at /Users/runner/work/pytorch/pytorch/pytorch/torch/csrc/autograd/generated/VariableType_2.cpp:19039 [autograd kernel]
AutogradPrivateUse2: registered at /Users/runner/work/pytorch/pytorch/pytorch/torch/csrc/autograd/generated/VariableType_2.cpp:19039 [autograd kernel]
AutogradPrivateUse3: registered at /Users/runner/work/pytorch/pytorch/pytorch/torch/csrc/autograd/generated/VariableType_2.cpp:19039 [autograd kernel]
AutogradMeta: registered at /Users/runner/work/pytorch/pytorch/pytorch/torch/csrc/autograd/generated/VariableType_2.cpp:19039 [autograd kernel]
AutogradNestedTensor: registered at /Users/runner/work/pytorch/pytorch/pytorch/torch/csrc/autograd/generated/VariableType_2.cpp:19039 [autograd kernel]
Tracer: registered at /Users/runner/work/pytorch/pytorch/pytorch/torch/csrc/autograd/generated/TraceType_2.cpp:17346 [kernel]
AutocastCPU: fallthrough registered at /Users/runner/work/pytorch/pytorch/pytorch/aten/src/ATen/autocast_mode.cpp:378 [backend fallback]
AutocastCUDA: fallthrough registered at /Users/runner/work/pytorch/pytorch/pytorch/aten/src/ATen/autocast_mode.cpp:244 [backend fallback]
FuncTorchBatched: registered at /Users/runner/work/pytorch/pytorch/pytorch/aten/src/ATen/functorch/LegacyBatchingRegistrations.cpp:720 [backend fallback]
BatchedNestedTensor: registered at /Users/runner/work/pytorch/pytorch/pytorch/aten/src/ATen/functorch/LegacyBatchingRegistrations.cpp:746 [backend fallback]
FuncTorchVmapMode: fallthrough registered at /Users/runner/work/pytorch/pytorch/pytorch/aten/src/ATen/functorch/VmapModeRegistrations.cpp:28 [backend fallback]
Batched: registered at /Users/runner/work/pytorch/pytorch/pytorch/aten/src/ATen/LegacyBatchingRegistrations.cpp:1075 [backend fallback]
VmapMode: fallthrough registered at /Users/runner/work/pytorch/pytorch/pytorch/aten/src/ATen/VmapModeRegistrations.cpp:33 [backend fallback]
FuncTorchGradWrapper: registered at /Users/runner/work/pytorch/pytorch/pytorch/aten/src/ATen/functorch/TensorWrapper.cpp:203 [backend fallback]
PythonTLSSnapshot: registered at /Users/runner/work/pytorch/pytorch/pytorch/aten/src/ATen/core/PythonFallbackKernel.cpp:162 [backend fallback]
FuncTorchDynamicLayerFrontMode: registered at /Users/runner/work/pytorch/pytorch/pytorch/aten/src/ATen/functorch/DynamicLayer.cpp:494 [backend fallback]
PreDispatch: registered at /Users/runner/work/pytorch/pytorch/pytorch/aten/src/ATen/core/PythonFallbackKernel.cpp:166 [backend fallback]
PythonDispatcher: registered at /Users/runner/work/pytorch/pytorch/pytorch/aten/src/ATen/core/PythonFallbackKernel.cpp:158 [backend fallback]
Traceback (most recent call last):
  File "/Users/Test/video-streaming-demo/main.py", line 735, in <module>
    clipper = EnhancedYouTubeClipper()
  File "/Users/Test/video-streaming-demo/main.py", line 34, in __init__
    self.initialize_models()
  File "/Users/Test/video-streaming-demo/main.py", line 111, in initialize_models
    self.model = whisper.load_model(
  File "/Users/Test/video-streaming-demo/tf_env/lib/python3.10/site-packages/whisper/__init__.py", line 160, in load_model
    return model.to(device)
  File "/Users/Test/video-streaming-demo/tf_env/lib/python3.10/site-packages/torch/nn/modules/module.py", line 1152, in to
    return self._apply(convert)
  File "/Users/Test/video-streaming-demo/tf_env/lib/python3.10/site-packages/torch/nn/modules/module.py", line 849, in _apply
    self._buffers[key] = fn(buf)
  File "/Users/Test/video-streaming-demo/tf_env/lib/python3.10/site-packages/torch/nn/modules/module.py", line 1150, in convert
    return t.to(device, dtype if t.is_floating_point() or t.is_complex() else None, non_blocking)
NotImplementedError: Could not run 'aten::empty.memory_format' with arguments from the 'SparseMPS' backend. This could be because the operator doesn't exist for this backend, or was omitted during the selective/custom build process (if using custom build). If you are a Facebook employee using PyTorch on mobile, please visit https://fburl.com/ptmfixes for possible resolutions. 'aten::empty.memory_format' is only available for these backends: [CPU, MPS, Meta, QuantizedCPU, QuantizedMeta, MkldnnCPU, SparseCPU, SparseMeta, SparseCsrCPU, BackendSelect, Python, FuncTorchDynamicLayerBackMode, Functionalize, Named, Conjugate, Negative, ZeroTensor, ADInplaceOrView, AutogradOther, AutogradCPU, AutogradCUDA, AutogradHIP, AutogradXLA, AutogradMPS, AutogradIPU, AutogradXPU, AutogradHPU, AutogradVE, AutogradLazy, AutogradMTIA, AutogradPrivateUse1, AutogradPrivateUse2, AutogradPrivateUse3, AutogradMeta, AutogradNestedTensor, Tracer, AutocastCPU, AutocastCUDA, FuncTorchBatched, BatchedNestedTensor, FuncTorchVmapMode, Batched, VmapMode, FuncTorchGradWrapper, PythonTLSSnapshot, FuncTorchDynamicLayerFrontMode, PreDispatch, PythonDispatcher].

CPU: registered at /Users/runner/work/pytorch/pytorch/pytorch/build/aten/src/ATen/RegisterCPU.cpp:31357 [kernel]
MPS: registered at /Users/runner/work/pytorch/pytorch/pytorch/build/aten/src/ATen/RegisterMPS.cpp:27248 [kernel]
Meta: registered at /Users/runner/work/pytorch/pytorch/pytorch/build/aten/src/ATen/RegisterMeta.cpp:26984 [kernel]
QuantizedCPU: registered at /Users/runner/work/pytorch/pytorch/pytorch/build/aten/src/ATen/RegisterQuantizedCPU.cpp:944 [kernel]
QuantizedMeta: registered at /Users/runner/work/pytorch/pytorch/pytorch/build/aten/src/ATen/RegisterQuantizedMeta.cpp:105 [kernel]
MkldnnCPU: registered at /Users/runner/work/pytorch/pytorch/pytorch/build/aten/src/ATen/RegisterMkldnnCPU.cpp:515 [kernel]
SparseCPU: registered at /Users/runner/work/pytorch/pytorch/pytorch/build/aten/src/ATen/RegisterSparseCPU.cpp:1387 [kernel]
SparseMeta: registered at /Users/runner/work/pytorch/pytorch/pytorch/build/aten/src/ATen/RegisterSparseMeta.cpp:249 [kernel]
SparseCsrCPU: registered at /Users/runner/work/pytorch/pytorch/pytorch/build/aten/src/ATen/RegisterSparseCsrCPU.cpp:1135 [kernel]
BackendSelect: registered at /Users/runner/work/pytorch/pytorch/pytorch/build/aten/src/ATen/RegisterBackendSelect.cpp:807 [kernel]
Python: registered at /Users/runner/work/pytorch/pytorch/pytorch/aten/src/ATen/core/PythonFallbackKernel.cpp:154 [backend fallback]
FuncTorchDynamicLayerBackMode: registered at /Users/runner/work/pytorch/pytorch/pytorch/aten/src/ATen/functorch/DynamicLayer.cpp:498 [backend fallback]
Functionalize: registered at /Users/runner/work/pytorch/pytorch/pytorch/aten/src/ATen/FunctionalizeFallbackKernel.cpp:324 [backend fallback]
Named: registered at /Users/runner/work/pytorch/pytorch/pytorch/aten/src/ATen/core/NamedRegistrations.cpp:7 [backend fallback]
Conjugate: fallthrough registered at /Users/runner/work/pytorch/pytorch/pytorch/aten/src/ATen/ConjugateFallback.cpp:21 [kernel]
Negative: fallthrough registered at /Users/runner/work/pytorch/pytorch/pytorch/aten/src/ATen/native/NegateFallback.cpp:23 [kernel]
ZeroTensor: fallthrough registered at /Users/runner/work/pytorch/pytorch/pytorch/aten/src/ATen/ZeroTensorFallback.cpp:90 [kernel]
ADInplaceOrView: fallthrough registered at /Users/runner/work/pytorch/pytorch/pytorch/aten/src/ATen/core/VariableFallbackKernel.cpp:86 [backend fallback]
AutogradOther: registered at /Users/runner/work/pytorch/pytorch/pytorch/torch/csrc/autograd/generated/VariableType_2.cpp:19039 [autograd kernel]
AutogradCPU: registered at /Users/runner/work/pytorch/pytorch/pytorch/torch/csrc/autograd/generated/VariableType_2.cpp:19039 [autograd kernel]
AutogradCUDA: registered at /Users/runner/work/pytorch/pytorch/pytorch/torch/csrc/autograd/generated/VariableType_2.cpp:19039 [autograd kernel]
AutogradHIP: registered at /Users/runner/work/pytorch/pytorch/pytorch/torch/csrc/autograd/generated/VariableType_2.cpp:19039 [autograd kernel]
AutogradXLA: registered at /Users/runner/work/pytorch/pytorch/pytorch/torch/csrc/autograd/generated/VariableType_2.cpp:19039 [autograd kernel]
AutogradMPS: registered at /Users/runner/work/pytorch/pytorch/pytorch/torch/csrc/autograd/generated/VariableType_2.cpp:19039 [autograd kernel]
AutogradIPU: registered at /Users/runner/work/pytorch/pytorch/pytorch/torch/csrc/autograd/generated/VariableType_2.cpp:19039 [autograd kernel]
AutogradXPU: registered at /Users/runner/work/pytorch/pytorch/pytorch/torch/csrc/autograd/generated/VariableType_2.cpp:19039 [autograd kernel]
AutogradHPU: registered at /Users/runner/work/pytorch/pytorch/pytorch/torch/csrc/autograd/generated/VariableType_2.cpp:19039 [autograd kernel]
AutogradVE: registered at /Users/runner/work/pytorch/pytorch/pytorch/torch/csrc/autograd/generated/VariableType_2.cpp:19039 [autograd kernel]
AutogradLazy: registered at /Users/runner/work/pytorch/pytorch/pytorch/torch/csrc/autograd/generated/VariableType_2.cpp:19039 [autograd kernel]
AutogradMTIA: registered at /Users/runner/work/pytorch/pytorch/pytorch/torch/csrc/autograd/generated/VariableType_2.cpp:19039 [autograd kernel]
AutogradPrivateUse1: registered at /Users/runner/work/pytorch/pytorch/pytorch/torch/csrc/autograd/generated/VariableType_2.cpp:19039 [autograd kernel]
AutogradPrivateUse2: registered at /Users/runner/work/pytorch/pytorch/pytorch/torch/csrc/autograd/generated/VariableType_2.cpp:19039 [autograd kernel]
AutogradPrivateUse3: registered at /Users/runner/work/pytorch/pytorch/pytorch/torch/csrc/autograd/generated/VariableType_2.cpp:19039 [autograd kernel]
AutogradMeta: registered at /Users/runner/work/pytorch/pytorch/pytorch/torch/csrc/autograd/generated/VariableType_2.cpp:19039 [autograd kernel]
AutogradNestedTensor: registered at /Users/runner/work/pytorch/pytorch/pytorch/torch/csrc/autograd/generated/VariableType_2.cpp:19039 [autograd kernel]
Tracer: registered at /Users/runner/work/pytorch/pytorch/pytorch/torch/csrc/autograd/generated/TraceType_2.cpp:17346 [kernel]
AutocastCPU: fallthrough registered at /Users/runner/work/pytorch/pytorch/pytorch/aten/src/ATen/autocast_mode.cpp:378 [backend fallback]
AutocastCUDA: fallthrough registered at /Users/runner/work/pytorch/pytorch/pytorch/aten/src/ATen/autocast_mode.cpp:244 [backend fallback]
FuncTorchBatched: registered at /Users/runner/work/pytorch/pytorch/pytorch/aten/src/ATen/functorch/LegacyBatchingRegistrations.cpp:720 [backend fallback]
BatchedNestedTensor: registered at /Users/runner/work/pytorch/pytorch/pytorch/aten/src/ATen/functorch/LegacyBatchingRegistrations.cpp:746 [backend fallback]
FuncTorchVmapMode: fallthrough registered at /Users/runner/work/pytorch/pytorch/pytorch/aten/src/ATen/functorch/VmapModeRegistrations.cpp:28 [backend fallback]
Batched: registered at /Users/runner/work/pytorch/pytorch/pytorch/aten/src/ATen/LegacyBatchingRegistrations.cpp:1075 [backend fallback]
VmapMode: fallthrough registered at /Users/runner/work/pytorch/pytorch/pytorch/aten/src/ATen/VmapModeRegistrations.cpp:33 [backend fallback]
FuncTorchGradWrapper: registered at /Users/runner/work/pytorch/pytorch/pytorch/aten/src/ATen/functorch/TensorWrapper.cpp:203 [backend fallback]
PythonTLSSnapshot: registered at /Users/runner/work/pytorch/pytorch/pytorch/aten/src/ATen/core/PythonFallbackKernel.cpp:162 [backend fallback]
FuncTorchDynamicLayerFrontMode: registered at /Users/runner/work/pytorch/pytorch/pytorch/aten/src/ATen/functorch/DynamicLayer.cpp:494 [backend fallback]
PreDispatch: registered at /Users/runner/work/pytorch/pytorch/pytorch/aten/src/ATen/core/PythonFallbackKernel.cpp:166 [backend fallback]
PythonDispatcher: registered at /Users/runner/work/pytorch/pytorch/pytorch/aten/src/ATen/core/PythonFallbackKernel.cpp:158 [backend fallback]

